<?xml version="1.0" encoding="UTF-8"?>
<!-- Generated by org.testng.reporters.JUnitXMLReporter -->
<testsuite hostname="MacBook-Pro.local" ignored="0" name="TEST employee" tests="7" failures="3" timestamp="02 Jan 2020 02:52:25 GMT" time="5.421" errors="0">
  <testcase name="checkResponseBody" time="0.012" classname="com.employees.testcase.TC001_GETallemployees"/>
  <testcase name="checkStatusCode" time="0.005" classname="com.employees.testcase.TC001_GETallemployees"/>
  <testcase name="validateStatuscode" time="0.001" classname="com.employees.testcase.TC003_PostNewEmployee"/>
  <testcase name="validateStatuscodeerr" time="0.003" classname="com.employees.testcase.TC003_PostNewEmployee">
    <failure type="java.lang.AssertionError" message="expected [400] but found [200]">
      <![CDATA[java.lang.AssertionError: expected [400] but found [200]
at com.employees.testcase.TC003_PostNewEmployee.validateStatuscodeerr(TC003_PostNewEmployee.java:53)
... Removed 31 stack frames]]>
    </failure>
  </testcase> <!-- validateStatuscodeerr -->
  <testcase name="validateStatuscodeerro" time="0.001" classname="com.employees.testcase.TC003_PostNewEmployee">
    <failure type="java.lang.AssertionError" message="expected [500] but found [200]">
      <![CDATA[java.lang.AssertionError: expected [500] but found [200]
at com.employees.testcase.TC003_PostNewEmployee.validateStatuscodeerro(TC003_PostNewEmployee.java:61)
... Removed 31 stack frames]]>
    </failure>
  </testcase> <!-- validateStatuscodeerro -->
  <testcase name="validateEmpid" time="0.005" classname="com.employees.testcase.TC002_GETspecificemployee">
    <failure type="java.lang.AssertionError" message="expected:&amp;lt;false&amp;gt; but was:&amp;lt;true&amp;gt;">
      <![CDATA[java.lang.AssertionError: expected:<false> but was:<true>
at org.junit.Assert.fail(Assert.java:93)
at org.junit.Assert.failNotEquals(Assert.java:647)
at org.junit.Assert.assertEquals(Assert.java:128)
at org.junit.Assert.assertEquals(Assert.java:147)
at com.employees.testcase.TC002_GETspecificemployee.validateEmpid(TC002_GETspecificemployee.java:30)
... Removed 25 stack frames]]>
    </failure>
  </testcase> <!-- validateEmpid -->
  <testcase name="validateStatuscode" time="0.002" classname="com.employees.testcase.TC002_GETspecificemployee"/>
</testsuite> <!-- TEST employee -->
